ii) Create a Database and add tables, relationships based on the following diagram. Use appropriate table names, column names and data types.

CREATE TABLE Courses (
    CourseId INT NOT NULL PRIMARY KEY,
    CourseName VARCHAR(50) NOT NULL,
    LecturerName VARCHAR(50) NOT NULL
);

CREATE TABLE Students (
    StudentId INT NOT NULL PRIMARY KEY,
    Name VARCHAR(50) NOT NULL,
    City VARCHAR(50) NOT NULL,
    CourseId INT,
    FOREIGN KEY (CourseId) REFERENCES Courses(CourseId)
);




iii) Add following data into tables.

INSERT INTO Courses (CourseId, CourseName, LecturerName)
VALUES
(1, 'Web Development', 'M.M. Herath'),
(2, 'Graphic Design', 'J.S.V. Piyasena'),
(3, 'Mobile App Development', 'K.K.S. Dias'),
(4, 'Java', 'U.H.S. Perera');

(4 rows affected)


INSERT INTO Students (StudentId, Name, City, CourseId)
VALUES
(1, 'Kasun Gamage', 'Kandy', 2),
(2, 'Daniel Sam', 'Jaffna', 3),
(3, 'Hansi Silva', 'Colombo', 1),
(4, 'Ranidu Heath', 'Matara', 3),
(5, 'Praneeth Wijesinghe', 'Kandy', 4),
(6, 'Nuwani Herath', 'Rathnapura', 1);


(6 rows affected)







iv) Write SQL Queries for following scenarios.

A. Get all the information of all Students.


                           SELECT * FROM Students;


StudentId   Name                                               City                                               CourseId
----------- -------------------------------------------------- -------------------------------------------------- -----------
1           Kasun Gamage                                       Kandy                                              2
2           Daniel Sam                                         Jaffna                                             3
3           Hansi Silva                                        Colombo                                            1
4           Ranidu Heath                                       Matara                                             3
5           Praneeth Wijesinghe                                Kandy                                              4
6           Nuwani Herath                                      Rathnapura                                         1

(6 rows affected)







B. Select student id, name and city from students who are from the ‘kandy’.


                           SELECT StudentId, Name, City FROM Students WHERE City = 'Kandy';

StudentId   Name                                               City
----------- -------------------------------------------------- --------------------------------------------------
1           Kasun Gamage                                       Kandy
5           Praneeth Wijesinghe                                Kandy

(2 rows affected)









C. Update the City as 'Galle' of the student whose id equals to 4 .

                         UPDATE Students SET City = 'Galle' WHERE StudentId = 4;


StudentId   Name                                               City                                               CourseId
----------- -------------------------------------------------- -------------------------------------------------- -----------
1           Kasun Gamage                                       Kandy                                              2
2           Daniel Sam                                         Jaffna                                             3
3           Hansi Silva                                        Colombo                                            1
4           Ranidu Heath                                       Galle                                              3
5           Praneeth Wijesinghe                                Kandy                                              4
6           Nuwani Herath                                      Rathnapura                                         1


(1 row affected)








D. Get all the information of all students with their course names.

                        SELECT Students.StudentId, Students.Name, Students.City, Courses.CourseName 
                        FROM Students 
                        INNER JOIN Courses ON Students.CourseId = Courses.CourseId;


StudentId   Name                                               City                                               CourseName
----------- -------------------------------------------------- -------------------------------------------------- --------------------------------------------------
1           Kasun Gamage                                       Kandy                                              Graphic Design
2           Daniel Sam                                         Jaffna                                             Mobile App Development
3           Hansi Silva                                        Colombo                                            Web Development
4           Ranidu Heath                                       Galle                                              Mobile App Development
5           Praneeth Wijesinghe                                Kandy                                              Java
6           Nuwani Herath                                      Rathnapura                                         Web Development

(6 rows affected)


Completion time: 2024-10-26T04:45:03.4076659+05:30
